# JRE version: OpenJDK Runtime Environment (17.0.9) (build 17.0.9+0--11185874)
# Java VM: OpenJDK 64-Bit Server VM (17.0.9+0--11185874, mixed mode, tiered, compressed oops, compressed class ptrs, g1 gc, windows-amd64)
GC Precious Log:
 CPUs: 4 total, 4 available
 Memory: 16086M
 Large Page Support: Disabled
 NUMA Support: Disabled
 Compressed Oops: Enabled (Zero based)
 Heap Region Size: 2M
 Heap Min Capacity: 8M
 Heap Initial Capacity: 252M
 Heap Max Capacity: 4G
 Pre-touch: Disabled
 Parallel Workers: 4
 Concurrent Workers: 1
 Concurrent Refinement Workers: 4
 Periodic GC: Disabled
Heap:
 garbage-first heap   total 153600K, used 99992K [0x0000000700000000, 0x0000000800000000)
  region size 2048K, 11 young (22528K), 3 survivors (6144K)
 Metaspace       used 91956K, committed 92608K, reserved 1179648K
  class space    used 12637K, committed 12928K, reserved 1048576K
GC Heap History (20 events):
Event: 19.999 GC heap before
{Heap before GC invocations=27 (full 0):
 garbage-first heap   total 106496K, used 76476K [0x0000000700000000, 0x0000000800000000)
  region size 2048K, 9 young (18432K), 1 survivors (2048K)
 Metaspace       used 69216K, committed 69824K, reserved 1114112K
  class space    used 9471K, committed 9728K, reserved 1048576K
}
Event: 20.002 GC heap after
{Heap after GC invocations=28 (full 0):
 garbage-first heap   total 106496K, used 60627K [0x0000000700000000, 0x0000000800000000)
  region size 2048K, 1 young (2048K), 1 survivors (2048K)
 Metaspace       used 69216K, committed 69824K, reserved 1114112K
  class space    used 9471K, committed 9728K, reserved 1048576K
}
Event: 20.397 GC heap before
{Heap before GC invocations=28 (full 0):
 garbage-first heap   total 106496K, used 79059K [0x0000000700000000, 0x0000000800000000)
  region size 2048K, 10 young (20480K), 1 survivors (2048K)
 Metaspace       used 72104K, committed 72704K, reserved 1114112K
  class space    used 9804K, committed 10048K, reserved 1048576K
}
Event: 20.401 GC heap after
{Heap after GC invocations=29 (full 0):
 garbage-first heap   total 106496K, used 61261K [0x0000000700000000, 0x0000000800000000)
  region size 2048K, 2 young (4096K), 2 survivors (4096K)
 Metaspace       used 72104K, committed 72704K, reserved 1114112K
  class space    used 9804K, committed 10048K, reserved 1048576K
}
Event: 20.997 GC heap before
{Heap before GC invocations=30 (full 0):
 garbage-first heap   total 110592K, used 77645K [0x0000000700000000, 0x0000000800000000)
  region size 2048K, 11 young (22528K), 2 survivors (4096K)
 Metaspace       used 74551K, committed 75136K, reserved 1114112K
  class space    used 10093K, committed 10368K, reserved 1048576K
}
Event: 21.002 GC heap after
{Heap after GC invocations=31 (full 0):
 garbage-first heap   total 110592K, used 64948K [0x0000000700000000, 0x0000000800000000)
  region size 2048K, 2 young (4096K), 2 survivors (4096K)
 Metaspace       used 74551K, committed 75136K, reserved 1114112K
  class space    used 10093K, committed 10368K, reserved 1048576K
}
Event: 21.293 GC heap before
{Heap before GC invocations=31 (full 0):
 garbage-first heap   total 110592K, used 83380K [0x0000000700000000, 0x0000000800000000)
  region size 2048K, 12 young (24576K), 2 survivors (4096K)
 Metaspace       used 75616K, committed 76160K, reserved 1179648K
  class space    used 10245K, committed 10496K, reserved 1048576K
}
Event: 21.296 GC heap after
{Heap after GC invocations=32 (full 0):
 garbage-first heap   total 153600K, used 64985K [0x0000000700000000, 0x0000000800000000)
  region size 2048K, 1 young (2048K), 1 survivors (2048K)
 Metaspace       used 75616K, committed 76160K, reserved 1179648K
  class space    used 10245K, committed 10496K, reserved 1048576K
}
Event: 22.419 GC heap before
{Heap before GC invocations=33 (full 0):
 garbage-first heap   total 153600K, used 112089K [0x0000000700000000, 0x0000000800000000)
  region size 2048K, 25 young (51200K), 1 survivors (2048K)
 Metaspace       used 79709K, committed 80320K, reserved 1179648K
  class space    used 10763K, committed 11008K, reserved 1048576K
}
Event: 22.425 GC heap after
{Heap after GC invocations=34 (full 0):
 garbage-first heap   total 153600K, used 67445K [0x0000000700000000, 0x0000000800000000)
  region size 2048K, 2 young (4096K), 2 survivors (4096K)
 Metaspace       used 79709K, committed 80320K, reserved 1179648K
  class space    used 10763K, committed 11008K, reserved 1048576K
}
Event: 24.013 GC heap before
{Heap before GC invocations=34 (full 0):
 garbage-first heap   total 153600K, used 116597K [0x0000000700000000, 0x0000000800000000)
  region size 2048K, 26 young (53248K), 2 survivors (4096K)
 Metaspace       used 81469K, committed 82176K, reserved 1179648K
  class space    used 11016K, committed 11328K, reserved 1048576K
}
Event: 24.020 GC heap after
{Heap after GC invocations=35 (full 0):
 garbage-first heap   total 153600K, used 71546K [0x0000000700000000, 0x0000000800000000)
  region size 2048K, 4 young (8192K), 4 survivors (8192K)
 Metaspace       used 81469K, committed 82176K, reserved 1179648K
  class space    used 11016K, committed 11328K, reserved 1048576K
}
Event: 25.153 GC heap before
{Heap before GC invocations=35 (full 0):
 garbage-first heap   total 153600K, used 118650K [0x0000000700000000, 0x0000000800000000)
  region size 2048K, 27 young (55296K), 4 survivors (8192K)
 Metaspace       used 83707K, committed 84352K, reserved 1179648K
  class space    used 11300K, committed 11584K, reserved 1048576K
}
Event: 25.161 GC heap after
{Heap after GC invocations=36 (full 0):
 garbage-first heap   total 153600K, used 73392K [0x0000000700000000, 0x0000000800000000)
  region size 2048K, 3 young (6144K), 3 survivors (6144K)
 Metaspace       used 83707K, committed 84352K, reserved 1179648K
  class space    used 11300K, committed 11584K, reserved 1048576K
}
Event: 26.039 GC heap before
{Heap before GC invocations=36 (full 0):
 garbage-first heap   total 153600K, used 122544K [0x0000000700000000, 0x0000000800000000)
  region size 2048K, 27 young (55296K), 3 survivors (6144K)
 Metaspace       used 84996K, committed 85696K, reserved 1179648K
  class space    used 11463K, committed 11776K, reserved 1048576K
}
Event: 26.050 GC heap after
{Heap after GC invocations=37 (full 0):
 garbage-first heap   total 153600K, used 77499K [0x0000000700000000, 0x0000000800000000)
  region size 2048K, 3 young (6144K), 3 survivors (6144K)
 Metaspace       used 84996K, committed 85696K, reserved 1179648K
  class space    used 11463K, committed 11776K, reserved 1048576K
}
Event: 27.263 GC heap before
{Heap before GC invocations=37 (full 0):
 garbage-first heap   total 153600K, used 122555K [0x0000000700000000, 0x0000000800000000)
  region size 2048K, 25 young (51200K), 3 survivors (6144K)
 Metaspace       used 89598K, committed 90304K, reserved 1179648K
  class space    used 12298K, committed 12608K, reserved 1048576K
}
Event: 27.270 GC heap after
{Heap after GC invocations=38 (full 0):
 garbage-first heap   total 153600K, used 80212K [0x0000000700000000, 0x0000000800000000)
  region size 2048K, 2 young (4096K), 2 survivors (4096K)
 Metaspace       used 89598K, committed 90304K, reserved 1179648K
  class space    used 12298K, committed 12608K, reserved 1048576K
}
Event: 28.577 GC heap before
{Heap before GC invocations=39 (full 0):
 garbage-first heap   total 153600K, used 123220K [0x0000000700000000, 0x0000000800000000)
  region size 2048K, 23 young (47104K), 2 survivors (4096K)
 Metaspace       used 91118K, committed 91840K, reserved 1179648K
  class space    used 12517K, committed 12800K, reserved 1048576K
}
Event: 28.586 GC heap after
{Heap after GC invocations=40 (full 0):
 garbage-first heap   total 153600K, used 85656K [0x0000000700000000, 0x0000000800000000)
  region size 2048K, 3 young (6144K), 3 survivors (6144K)
 Metaspace       used 91118K, committed 91840K, reserved 1179648K
  class space    used 12517K, committed 12800K, reserved 1048576K
}

